<?xml version="1.0" encoding="utf-8"?><testsuites name="pytest tests"><testsuite name="pytest" errors="0" failures="0" skipped="0" tests="20" time="6.381" timestamp="2026-05-28T06:18:34.226390+00:00" hostname="agent-env-3ebd7032-9da7-4475-b9cb-147a629e33a1"><testcase classname="backend.tests.test_iter4.TestDemoOrgCreate" name="test_create_demo_org_returns_is_demo_expires_at_watermark" time="0.382" /><testcase classname="backend.tests.test_iter4.TestDemoOrgCreate" name="test_create_demo_org_default_watermark" time="0.450" /><testcase classname="backend.tests.test_iter4.TestDemoOrgCreate" name="test_create_non_demo_org_has_null_demo_fields" time="0.435" /><testcase classname="backend.tests.test_iter4.TestDemoOrgList" name="test_get_orgs_includes_demo_fields" time="0.111" /><testcase classname="backend.tests.test_iter4.TestDemoLoginPayload" name="test_login_response_payload_demo_fields" time="0.428" /><testcase classname="backend.tests.test_iter4.TestDemoExpiryEnforcement" name="test_expired_demo_blocks_authenticated_requests" time="1.010" /><testcase classname="backend.tests.test_iter4.TestPdfImport" name="test_pdf_import_inserts_voters" time="0.502" /><testcase classname="backend.tests.test_iter4.TestPdfImport" name="test_pdf_import_rejects_non_pdf" time="0.108" /><testcase classname="backend.tests.test_iter4.TestPdfImport" name="test_pdf_import_requires_auth" time="0.098" /><testcase classname="backend.tests.test_iter4.TestAuditLogs" name="test_audit_logs_admin_access" time="0.112" /><testcase classname="backend.tests.test_iter4.TestAuditLogs" name="test_audit_logs_pdf_import_logged" time="0.668" /><testcase classname="backend.tests.test_iter4.TestAuditLogs" name="test_audit_logs_cross_org_isolation" time="0.492" /><testcase classname="backend.tests.test_iter4.TestAuditLogs" name="test_audit_logs_worker_forbidden" time="0.473" /><testcase classname="backend.tests.test_iter4.TestWarRoom" name="test_war_room_live_admin" time="0.065" /><testcase classname="backend.tests.test_iter4.TestWarRoom" name="test_war_room_cross_org_scoping" time="0.135" /><testcase classname="backend.tests.test_iter4.TestWarRoom" name="test_war_room_requires_auth" time="0.115" /><testcase classname="backend.tests.test_iter4.TestRegression" name="test_aap_3factor_login" time="0.341" /><testcase classname="backend.tests.test_iter4.TestRegression" name="test_viqso_admin_voters_list" time="0.070" /><testcase classname="backend.tests.test_iter4.TestRegression" name="test_voter_slip_data_endpoint" time="0.104" /><testcase classname="backend.tests.test_iter4.TestRegression" name="test_cross_org_voter_isolation" time="0.229" /></testsuite></testsuites>