<?xml version="1.0" encoding="utf-8"?><testsuites name="pytest tests"><testsuite name="pytest" errors="0" failures="0" skipped="0" tests="21" time="3.915" timestamp="2026-05-28T06:37:42.057739+00:00" hostname="agent-env-3ebd7032-9da7-4475-b9cb-147a629e33a1"><testcase classname="backend.tests.test_iter5.TestApkConfig" name="test_aap_apk_config_shape" time="0.238" /><testcase classname="backend.tests.test_iter5.TestApkConfig" name="test_demo_org_apk_config" time="0.282" /><testcase classname="backend.tests.test_iter5.TestApkConfig" name="test_apk_config_404_on_missing_org" time="0.109" /><testcase classname="backend.tests.test_iter5.TestApkConfig" name="test_apk_config_requires_super_admin_no_header" time="0.107" /><testcase classname="backend.tests.test_iter5.TestApkConfig" name="test_apk_config_requires_super_admin_wrong_key" time="0.102" /><testcase classname="backend.tests.test_iter5.TestApkConfig" name="test_apk_config_rejects_org_admin_jwt" time="0.457" /><testcase classname="backend.tests.test_iter5.TestApkSettings" name="test_valid_patch" time="0.639" /><testcase classname="backend.tests.test_iter5.TestApkSettings" name="test_invalid_package_id_no_dots" time="0.117" /><testcase classname="backend.tests.test_iter5.TestApkSettings" name="test_invalid_package_id_uppercase" time="0.115" /><testcase classname="backend.tests.test_iter5.TestApkSettings" name="test_invalid_fingerprint" time="0.106" /><testcase classname="backend.tests.test_iter5.TestApkSettings" name="test_patch_404_on_missing_org" time="0.119" /><testcase classname="backend.tests.test_iter5.TestApkSettings" name="test_patch_requires_super_admin" time="0.105" /><testcase classname="backend.tests.test_iter5.TestApkSettings" name="test_patch_rejects_org_admin_jwt" time="0.098" /><testcase classname="backend.tests.test_iter5.TestApkPackage" name="test_zip_download_shape" time="0.103" /><testcase classname="backend.tests.test_iter5.TestApkPackage" name="test_zip_uses_configured_package_id" time="0.234" /><testcase classname="backend.tests.test_iter5.TestApkPackage" name="test_zip_404_on_missing_org" time="0.120" /><testcase classname="backend.tests.test_iter5.TestApkPackage" name="test_zip_requires_super_admin" time="0.117" /><testcase classname="backend.tests.test_iter5.TestApkPackage" name="test_zip_rejects_org_admin_jwt" time="0.099" /><testcase classname="backend.tests.test_iter5.TestAssetlinks" name="test_public_no_auth_required" time="0.107" /><testcase classname="backend.tests.test_iter5.TestAssetlinks" name="test_configured_org_appears" time="0.244" /><testcase classname="backend.tests.test_iter5.TestSeedOrgPreservation" name="test_aap_seed_apk_state_unchanged" time="0.237" /></testsuite></testsuites>