<?xml version="1.0" encoding="utf-8"?><testsuites name="pytest tests"><testsuite name="pytest" errors="0" failures="0" skipped="0" tests="13" time="33.259" timestamp="2026-05-28T06:59:12.057840+00:00" hostname="agent-env-3ebd7032-9da7-4475-b9cb-147a629e33a1"><testcase classname="backend.tests.test_iter6.TestSubmitAndProgress" name="test_submit_returns_job_id_immediately" time="0.887" /><testcase classname="backend.tests.test_iter6.TestSubmitAndProgress" name="test_missing_booth_number_returns_400" time="0.255" /><testcase classname="backend.tests.test_iter6.TestSubmitAndProgress" name="test_non_pdf_returns_400" time="0.106" /><testcase classname="backend.tests.test_iter6.TestOcrFallback" name="test_job_shape_complete" time="8.994" /><testcase classname="backend.tests.test_iter6.TestOcrFallback" name="test_ocr_used_true_on_scanned_pdf" time="0.000" /><testcase classname="backend.tests.test_iter6.TestOcrFallback" name="test_voters_extracted_from_scanned_pdf" time="0.000" /><testcase classname="backend.tests.test_iter6.TestOcrFallback" name="test_total_pages_is_two" time="0.000" /><testcase classname="backend.tests.test_iter6.TestForceOcrFlag" name="test_force_ocr_true" time="3.493" /><testcase classname="backend.tests.test_iter6.TestDuplicateHandling" name="test_second_upload_skips_duplicates" time="7.056" /><testcase classname="backend.tests.test_iter6.TestListJobs" name="test_list_jobs_excludes_failed_rows" time="0.111" /><testcase classname="backend.tests.test_iter6.TestMultiTenantIsolation" name="test_aap_job_invisible_to_viqso" time="0.355" /><testcase classname="backend.tests.test_iter6.TestMultiTenantIsolation" name="test_get_unknown_job_returns_404" time="0.133" /><testcase classname="backend.tests.test_iter6.TestAuditLog" name="test_pdf_import_completed_audit_entry" time="11.823" /></testsuite></testsuites>