<?xml version="1.0" encoding="utf-8"?><testsuites name="pytest tests"><testsuite name="pytest" errors="0" failures="0" skipped="0" tests="17" time="3.706" timestamp="2026-05-28T07:58:05.064931+00:00" hostname="agent-env-3ebd7032-9da7-4475-b9cb-147a629e33a1"><testcase classname="backend.tests.test_iter7.TestApkConfigShape" name="test_get_apk_config_returns_top_level_fields" time="0.206" /><testcase classname="backend.tests.test_iter7.TestApkConfigShape" name="test_get_apk_config_election_context_object" time="0.137" /><testcase classname="backend.tests.test_iter7.TestApkConfigShape" name="test_get_apk_config_election_types_array" time="0.114" /><testcase classname="backend.tests.test_iter7.TestAuthGating" name="test_patch_election_context_no_key_blocked" time="0.143" /><testcase classname="backend.tests.test_iter7.TestAuthGating" name="test_patch_election_context_wrong_key_blocked" time="0.099" /><testcase classname="backend.tests.test_iter7.TestAuthGating" name="test_patch_election_context_missing_org_404" time="0.104" /><testcase classname="backend.tests.test_iter7.TestPatchElectionContext" name="test_invalid_election_type_rejected" time="0.215" /><testcase classname="backend.tests.test_iter7.TestPatchElectionContext" name="test_patch_persists_and_get_reflects" time="0.200" /><testcase classname="backend.tests.test_iter7.TestPatchElectionContext" name="test_each_valid_election_type_accepted" time="0.743" /><testcase classname="backend.tests.test_iter7.TestManifestDynamics" name="test_lok_sabha_with_candidate_name_format" time="0.261" /><testcase classname="backend.tests.test_iter7.TestManifestDynamics" name="test_empty_candidate_falls_back_to_party_name" time="0.269" /><testcase classname="backend.tests.test_iter7.TestManifestDynamics" name="test_icon_priority_symbol_over_logo" time="0.237" /><testcase classname="backend.tests.test_iter7.TestManifestDynamics" name="test_icon_falls_back_to_logo_when_symbol_blank" time="0.220" /><testcase classname="backend.tests.test_iter7.TestManifestDynamics" name="test_viqso_meta_block_present" time="0.202" /><testcase classname="backend.tests.test_iter7.TestZipReadme" name="test_zip_readme_has_election_context_table" time="0.202" /><testcase classname="backend.tests.test_iter7.TestIter5Regression" name="test_apk_settings_save_still_works" time="0.109" /><testcase classname="backend.tests.test_iter7.TestIter5Regression" name="test_public_assetlinks_endpoint" time="0.201" /></testsuite></testsuites>