<?xml version="1.0" encoding="utf-8"?><testsuites name="pytest tests"><testsuite name="pytest" errors="0" failures="1" skipped="0" tests="110" time="84.740" timestamp="2026-05-28T06:37:50.697809+00:00" hostname="agent-env-3ebd7032-9da7-4475-b9cb-147a629e33a1"><testcase classname="backend.tests.test_iter3.TestAAPLogin" name="test_aap_admin_login" time="0.360" /><testcase classname="backend.tests.test_iter3.TestAAPLogin" name="test_aap_agent_login" time="0.346" /><testcase classname="backend.tests.test_iter3.TestAAPLogin" name="test_aap_admin_wrong_key_fails" time="0.101" /><testcase classname="backend.tests.test_iter3.TestCrossOrgIsolation" name="test_aap_voters_count" time="0.541" /><testcase classname="backend.tests.test_iter3.TestCrossOrgIsolation" name="test_viqso_voters_count" time="0.433"><failure message="AssertionError: expected 120 VIQSO voters, got 122&#10;assert 122 == 120&#10; +  where 122 = len([{'address': '', 'age': 40, 'booth_id': 'ed455bbf-86e3-42d2-b0fa-ce284f91e742', 'caste': None, ...}, {'address': None, 'age': 30, 'booth_id': '40900116-8883-47d9-8d35-368aa4a3a5b7', 'caste': None, ...}, {'address': 'H.No 108, Sector 2', 'age': 56, 'booth_id': '39f53c1e-10fa-4dda-9c2e-fd19f3f32d39', 'caste': 'SC', ...}, {'address': 'H.No 138, Sector 10', 'age': 65, 'booth_id': '40900116-8883-47d9-8d35-368aa4a3a5b7', 'caste': 'SC', ...}, {'address': 'H.No 178, Sector 10', 'age': 74, 'booth_id': '40900116-8883-47d9-8d35-368aa4a3a5b7', 'caste': 'General', ...}, {'address': 'H.No 87, Sector 11', 'age': 50, 'booth_id': '40900116-8883-47d9-8d35-368aa4a3a5b7', 'caste': 'SC', ...}, ...])">backend/tests/test_iter3.py:78: in test_viqso_voters_count
    assert len(items) == 120, f"expected 120 VIQSO voters, got {len(items)}"
E   AssertionError: expected 120 VIQSO voters, got 122
E   assert 122 == 120
E    +  where 122 = len([{'address': '', 'age': 40, 'booth_id': 'ed455bbf-86e3-42d2-b0fa-ce284f91e742', 'caste': None, ...}, {'address': None, 'age': 30, 'booth_id': '40900116-8883-47d9-8d35-368aa4a3a5b7', 'caste': None, ...}, {'address': 'H.No 108, Sector 2', 'age': 56, 'booth_id': '39f53c1e-10fa-4dda-9c2e-fd19f3f32d39', 'caste': 'SC', ...}, {'address': 'H.No 138, Sector 10', 'age': 65, 'booth_id': '40900116-8883-47d9-8d35-368aa4a3a5b7', 'caste': 'SC', ...}, {'address': 'H.No 178, Sector 10', 'age': 74, 'booth_id': '40900116-8883-47d9-8d35-368aa4a3a5b7', 'caste': 'General', ...}, {'address': 'H.No 87, Sector 11', 'age': 50, 'booth_id': '40900116-8883-47d9-8d35-368aa4a3a5b7', 'caste': 'SC', ...}, ...])</failure></testcase><testcase classname="backend.tests.test_iter3.TestCrossOrgIsolation" name="test_aap_booths_isolated" time="0.049" /><testcase classname="backend.tests.test_iter3.TestVoterSlip" name="test_slip_data_shape" time="0.475" /><testcase classname="backend.tests.test_iter3.TestVoterSlip" name="test_worker_scope_blocked_for_unassigned_booth" time="0.520" /><testcase classname="backend.tests.test_iter3.TestImageUpload" name="test_upload_png_ok" time="0.462" /><testcase classname="backend.tests.test_iter3.TestImageUpload" name="test_upload_non_image_400" time="0.135" /><testcase classname="backend.tests.test_iter3.TestImageUpload" name="test_upload_too_large_400" time="0.465" /><testcase classname="backend.tests.test_iter3.TestImageUpload" name="test_upload_worker_forbidden" time="0.435" /><testcase classname="backend.tests.test_iter3.TestSettingsIsolation" name="test_settings_put_isolated" time="1.034" /><testcase classname="backend.tests.test_iter4.TestDemoOrgCreate" name="test_create_demo_org_returns_is_demo_expires_at_watermark" time="0.323" /><testcase classname="backend.tests.test_iter4.TestDemoOrgCreate" name="test_create_demo_org_default_watermark" time="0.443" /><testcase classname="backend.tests.test_iter4.TestDemoOrgCreate" name="test_create_non_demo_org_has_null_demo_fields" time="0.438" /><testcase classname="backend.tests.test_iter4.TestDemoOrgList" name="test_get_orgs_includes_demo_fields" time="0.131" /><testcase classname="backend.tests.test_iter4.TestDemoLoginPayload" name="test_login_response_payload_demo_fields" time="0.420" /><testcase classname="backend.tests.test_iter4.TestDemoExpiryEnforcement" name="test_expired_demo_blocks_authenticated_requests" time="1.015" /><testcase classname="backend.tests.test_iter4.TestPdfImport" name="test_pdf_import_inserts_voters" time="0.522" /><testcase classname="backend.tests.test_iter4.TestPdfImport" name="test_pdf_import_rejects_non_pdf" time="0.104" /><testcase classname="backend.tests.test_iter4.TestPdfImport" name="test_pdf_import_requires_auth" time="0.106" /><testcase classname="backend.tests.test_iter4.TestAuditLogs" name="test_audit_logs_admin_access" time="0.121" /><testcase classname="backend.tests.test_iter4.TestAuditLogs" name="test_audit_logs_pdf_import_logged" time="0.668" /><testcase classname="backend.tests.test_iter4.TestAuditLogs" name="test_audit_logs_cross_org_isolation" time="0.500" /><testcase classname="backend.tests.test_iter4.TestAuditLogs" name="test_audit_logs_worker_forbidden" time="0.455" /><testcase classname="backend.tests.test_iter4.TestWarRoom" name="test_war_room_live_admin" time="0.073" /><testcase classname="backend.tests.test_iter4.TestWarRoom" name="test_war_room_cross_org_scoping" time="0.138" /><testcase classname="backend.tests.test_iter4.TestWarRoom" name="test_war_room_requires_auth" time="0.097" /><testcase classname="backend.tests.test_iter4.TestRegression" name="test_aap_3factor_login" time="0.333" /><testcase classname="backend.tests.test_iter4.TestRegression" name="test_viqso_admin_voters_list" time="0.058" /><testcase classname="backend.tests.test_iter4.TestRegression" name="test_voter_slip_data_endpoint" time="0.136" /><testcase classname="backend.tests.test_iter4.TestRegression" name="test_cross_org_voter_isolation" time="0.300" /><testcase classname="backend.tests.test_iter5.TestApkConfig" name="test_aap_apk_config_shape" time="0.104" /><testcase classname="backend.tests.test_iter5.TestApkConfig" name="test_demo_org_apk_config" time="0.245" /><testcase classname="backend.tests.test_iter5.TestApkConfig" name="test_apk_config_404_on_missing_org" time="0.103" /><testcase classname="backend.tests.test_iter5.TestApkConfig" name="test_apk_config_requires_super_admin_no_header" time="0.114" /><testcase classname="backend.tests.test_iter5.TestApkConfig" name="test_apk_config_requires_super_admin_wrong_key" time="0.112" /><testcase classname="backend.tests.test_iter5.TestApkConfig" name="test_apk_config_rejects_org_admin_jwt" time="0.453" /><testcase classname="backend.tests.test_iter5.TestApkSettings" name="test_valid_patch" time="0.629" /><testcase classname="backend.tests.test_iter5.TestApkSettings" name="test_invalid_package_id_no_dots" time="0.109" /><testcase classname="backend.tests.test_iter5.TestApkSettings" name="test_invalid_package_id_uppercase" time="0.108" /><testcase classname="backend.tests.test_iter5.TestApkSettings" name="test_invalid_fingerprint" time="0.140" /><testcase classname="backend.tests.test_iter5.TestApkSettings" name="test_patch_404_on_missing_org" time="0.121" /><testcase classname="backend.tests.test_iter5.TestApkSettings" name="test_patch_requires_super_admin" time="0.109" /><testcase classname="backend.tests.test_iter5.TestApkSettings" name="test_patch_rejects_org_admin_jwt" time="0.100" /><testcase classname="backend.tests.test_iter5.TestApkPackage" name="test_zip_download_shape" time="0.105" /><testcase classname="backend.tests.test_iter5.TestApkPackage" name="test_zip_uses_configured_package_id" time="0.227" /><testcase classname="backend.tests.test_iter5.TestApkPackage" name="test_zip_404_on_missing_org" time="0.116" /><testcase classname="backend.tests.test_iter5.TestApkPackage" name="test_zip_requires_super_admin" time="0.109" /><testcase classname="backend.tests.test_iter5.TestApkPackage" name="test_zip_rejects_org_admin_jwt" time="0.097" /><testcase classname="backend.tests.test_iter5.TestAssetlinks" name="test_public_no_auth_required" time="0.108" /><testcase classname="backend.tests.test_iter5.TestAssetlinks" name="test_configured_org_appears" time="0.266" /><testcase classname="backend.tests.test_iter5.TestSeedOrgPreservation" name="test_aap_seed_apk_state_unchanged" time="0.205" /><testcase classname="backend.tests.test_multitenant.TestAuthV2" name="test_login_missing_access_key_returns_422" time="0.111" /><testcase classname="backend.tests.test_multitenant.TestAuthV2" name="test_login_wrong_access_key_returns_401" time="4.208" /><testcase classname="backend.tests.test_multitenant.TestAuthV2" name="test_login_correct_3factor_returns_token_and_org" time="0.347" /><testcase classname="backend.tests.test_multitenant.TestAuthV2" name="test_me_returns_org_id_and_org_name" time="20.534" /><testcase classname="backend.tests.test_multitenant.TestBruteForceLockout" name="test_5_fails_triggers_429" time="32.391" /><testcase classname="backend.tests.test_multitenant.TestSuperAdminAuth" name="test_orgs_get_without_key_403" time="0.104" /><testcase classname="backend.tests.test_multitenant.TestSuperAdminAuth" name="test_orgs_get_with_wrong_key_403" time="0.108" /><testcase classname="backend.tests.test_multitenant.TestSuperAdminAuth" name="test_orgs_get_with_correct_key_200" time="0.125" /><testcase classname="backend.tests.test_multitenant.TestMultiTenantIsolation" name="test_new_org_admin_cannot_see_default_org_booths" time="0.777" /><testcase classname="backend.tests.test_multitenant.TestMultiTenantIsolation" name="test_new_org_admin_cannot_see_default_org_voters" time="0.106" /><testcase classname="backend.tests.test_multitenant.TestMultiTenantIsolation" name="test_new_org_admin_sees_only_own_users" time="0.102" /><testcase classname="backend.tests.test_multitenant.TestMultiTenantIsolation" name="test_new_org_visits_isolated" time="0.100" /><testcase classname="backend.tests.test_multitenant.TestMultiTenantIsolation" name="test_new_org_analytics_overview_isolated" time="0.102" /><testcase classname="backend.tests.test_multitenant.TestMultiTenantIsolation" name="test_settings_per_org_isolated" time="0.210" /><testcase classname="backend.tests.test_multitenant.TestWorkerBoothScopeWrites" name="test_worker_create_voter_on_unassigned_booth_403" time="0.606" /><testcase classname="backend.tests.test_multitenant.TestWorkerBoothScopeWrites" name="test_worker_create_voter_on_assigned_booth_200" time="0.241" /><testcase classname="backend.tests.test_multitenant.TestWorkerBoothScopeWrites" name="test_worker_patch_voter_in_unassigned_booth_403" time="0.393" /><testcase classname="backend.tests.test_multitenant.TestImport" name="test_template_endpoint" time="0.382" /><testcase classname="backend.tests.test_multitenant.TestImport" name="test_import_voters_tags_with_org" time="0.461" /><testcase classname="backend.tests.test_multitenant.TestSegregationFamilies" name="test_segregation[caste]" time="0.111" /><testcase classname="backend.tests.test_multitenant.TestSegregationFamilies" name="test_segregation[religion]" time="0.117" /><testcase classname="backend.tests.test_multitenant.TestSegregationFamilies" name="test_segregation[age_group]" time="0.108" /><testcase classname="backend.tests.test_multitenant.TestSegregationFamilies" name="test_segregation[occupation]" time="0.103" /><testcase classname="backend.tests.test_multitenant.TestSegregationFamilies" name="test_families" time="0.107" /><testcase classname="backend.tests.test_multitenant.TestPWA" name="test_manifest_accessible" time="0.206" /><testcase classname="backend.tests.test_voter_crm.TestAuth" name="test_login_admin_success" time="0.318" /><testcase classname="backend.tests.test_voter_crm.TestAuth" name="test_login_supervisor_success" time="0.342" /><testcase classname="backend.tests.test_voter_crm.TestAuth" name="test_login_worker_success" time="0.327" /><testcase classname="backend.tests.test_voter_crm.TestAuth" name="test_login_invalid_creds" time="0.322" /><testcase classname="backend.tests.test_voter_crm.TestAuth" name="test_me_with_token" time="0.109" /><testcase classname="backend.tests.test_voter_crm.TestAuth" name="test_me_without_token" time="0.110" /><testcase classname="backend.tests.test_voter_crm.TestUsers" name="test_admin_list_users" time="0.118" /><testcase classname="backend.tests.test_voter_crm.TestUsers" name="test_supervisor_list_users" time="0.443" /><testcase classname="backend.tests.test_voter_crm.TestUsers" name="test_worker_cannot_list_users" time="0.106" /><testcase classname="backend.tests.test_voter_crm.TestUsers" name="test_supervisor_cannot_create_user" time="0.101" /><testcase classname="backend.tests.test_voter_crm.TestUsers" name="test_admin_create_update_delete_user" time="0.469" /><testcase classname="backend.tests.test_voter_crm.TestBooths" name="test_list_booths_admin" time="0.107" /><testcase classname="backend.tests.test_voter_crm.TestBooths" name="test_worker_sees_only_assigned" time="1.257" /><testcase classname="backend.tests.test_voter_crm.TestBooths" name="test_get_booth_with_workers" time="0.187" /><testcase classname="backend.tests.test_voter_crm.TestBooths" name="test_create_update_delete_booth" time="0.201" /><testcase classname="backend.tests.test_voter_crm.TestBooths" name="test_worker_cannot_create_booth" time="0.110" /><testcase classname="backend.tests.test_voter_crm.TestVoters" name="test_list_voters" time="0.125" /><testcase classname="backend.tests.test_voter_crm.TestVoters" name="test_filter_voters" time="0.112" /><testcase classname="backend.tests.test_voter_crm.TestVoters" name="test_search_voter" time="0.114" /><testcase classname="backend.tests.test_voter_crm.TestVoters" name="test_worker_voters_scoped" time="0.160" /><testcase classname="backend.tests.test_voter_crm.TestVoters" name="test_create_update_delete_voter" time="0.281" /><testcase classname="backend.tests.test_voter_crm.TestVoters" name="test_worker_cannot_delete_voter" time="0.313" /><testcase classname="backend.tests.test_voter_crm.TestVisits" name="test_list_visits_admin" time="0.116" /><testcase classname="backend.tests.test_voter_crm.TestVisits" name="test_worker_visits_scoped" time="0.146" /><testcase classname="backend.tests.test_voter_crm.TestVisits" name="test_create_visit_admin" time="0.304" /><testcase classname="backend.tests.test_voter_crm.TestVisits" name="test_worker_cannot_create_visit" time="0.115" /><testcase classname="backend.tests.test_voter_crm.TestAnalytics" name="test_overview" time="0.111" /><testcase classname="backend.tests.test_voter_crm.TestAnalytics" name="test_demographics" time="0.110" /><testcase classname="backend.tests.test_voter_crm.TestAnalytics" name="test_issues" time="0.122" /><testcase classname="backend.tests.test_voter_crm.TestAnalytics" name="test_booth_stats" time="0.117" /><testcase classname="backend.tests.test_voter_crm.TestAnalytics" name="test_engagement_trends" time="0.121" /></testsuite></testsuites>