<?xml version="1.0" encoding="utf-8"?><testsuites name="pytest tests"><testsuite name="pytest" errors="0" failures="0" skipped="0" tests="69" time="20.734" timestamp="2026-05-26T15:59:21.771553+00:00" hostname="agent-env-3ebd7032-9da7-4475-b9cb-147a629e33a1"><testcase classname="backend.tests.test_iter3.TestAAPLogin" name="test_aap_admin_login" time="0.390" /><testcase classname="backend.tests.test_iter3.TestAAPLogin" name="test_aap_agent_login" time="0.337" /><testcase classname="backend.tests.test_iter3.TestAAPLogin" name="test_aap_admin_wrong_key_fails" time="0.163" /><testcase classname="backend.tests.test_iter3.TestCrossOrgIsolation" name="test_aap_voters_count" time="0.449" /><testcase classname="backend.tests.test_iter3.TestCrossOrgIsolation" name="test_viqso_voters_count" time="0.489" /><testcase classname="backend.tests.test_iter3.TestCrossOrgIsolation" name="test_aap_booths_isolated" time="0.057" /><testcase classname="backend.tests.test_iter3.TestVoterSlip" name="test_slip_data_shape" time="0.577" /><testcase classname="backend.tests.test_iter3.TestVoterSlip" name="test_worker_scope_blocked_for_unassigned_booth" time="0.573" /><testcase classname="backend.tests.test_iter3.TestImageUpload" name="test_upload_png_ok" time="0.455" /><testcase classname="backend.tests.test_iter3.TestImageUpload" name="test_upload_non_image_400" time="0.119" /><testcase classname="backend.tests.test_iter3.TestImageUpload" name="test_upload_too_large_400" time="0.515" /><testcase classname="backend.tests.test_iter3.TestImageUpload" name="test_upload_worker_forbidden" time="0.488" /><testcase classname="backend.tests.test_iter3.TestSettingsIsolation" name="test_settings_put_isolated" time="1.166" /><testcase classname="backend.tests.test_multitenant.TestAuthV2" name="test_login_missing_access_key_returns_422" time="0.114" /><testcase classname="backend.tests.test_multitenant.TestAuthV2" name="test_login_wrong_access_key_returns_401" time="0.111" /><testcase classname="backend.tests.test_multitenant.TestAuthV2" name="test_login_correct_3factor_returns_token_and_org" time="0.369" /><testcase classname="backend.tests.test_multitenant.TestAuthV2" name="test_me_returns_org_id_and_org_name" time="0.439" /><testcase classname="backend.tests.test_multitenant.TestBruteForceLockout" name="test_5_fails_triggers_429" time="1.853" /><testcase classname="backend.tests.test_multitenant.TestSuperAdminAuth" name="test_orgs_get_without_key_403" time="0.105" /><testcase classname="backend.tests.test_multitenant.TestSuperAdminAuth" name="test_orgs_get_with_wrong_key_403" time="0.118" /><testcase classname="backend.tests.test_multitenant.TestSuperAdminAuth" name="test_orgs_get_with_correct_key_200" time="0.141" /><testcase classname="backend.tests.test_multitenant.TestMultiTenantIsolation" name="test_new_org_admin_cannot_see_default_org_booths" time="0.841" /><testcase classname="backend.tests.test_multitenant.TestMultiTenantIsolation" name="test_new_org_admin_cannot_see_default_org_voters" time="0.126" /><testcase classname="backend.tests.test_multitenant.TestMultiTenantIsolation" name="test_new_org_admin_sees_only_own_users" time="0.116" /><testcase classname="backend.tests.test_multitenant.TestMultiTenantIsolation" name="test_new_org_visits_isolated" time="0.115" /><testcase classname="backend.tests.test_multitenant.TestMultiTenantIsolation" name="test_new_org_analytics_overview_isolated" time="0.153" /><testcase classname="backend.tests.test_multitenant.TestMultiTenantIsolation" name="test_settings_per_org_isolated" time="0.249" /><testcase classname="backend.tests.test_multitenant.TestWorkerBoothScopeWrites" name="test_worker_create_voter_on_unassigned_booth_403" time="0.636" /><testcase classname="backend.tests.test_multitenant.TestWorkerBoothScopeWrites" name="test_worker_create_voter_on_assigned_booth_200" time="0.230" /><testcase classname="backend.tests.test_multitenant.TestWorkerBoothScopeWrites" name="test_worker_patch_voter_in_unassigned_booth_403" time="0.390" /><testcase classname="backend.tests.test_multitenant.TestImport" name="test_template_endpoint" time="0.408" /><testcase classname="backend.tests.test_multitenant.TestImport" name="test_import_voters_tags_with_org" time="0.476" /><testcase classname="backend.tests.test_multitenant.TestSegregationFamilies" name="test_segregation[caste]" time="0.113" /><testcase classname="backend.tests.test_multitenant.TestSegregationFamilies" name="test_segregation[religion]" time="0.111" /><testcase classname="backend.tests.test_multitenant.TestSegregationFamilies" name="test_segregation[age_group]" time="0.106" /><testcase classname="backend.tests.test_multitenant.TestSegregationFamilies" name="test_segregation[occupation]" time="0.114" /><testcase classname="backend.tests.test_multitenant.TestSegregationFamilies" name="test_families" time="0.124" /><testcase classname="backend.tests.test_multitenant.TestPWA" name="test_manifest_accessible" time="0.247" /><testcase classname="backend.tests.test_voter_crm.TestAuth" name="test_login_admin_success" time="0.340" /><testcase classname="backend.tests.test_voter_crm.TestAuth" name="test_login_supervisor_success" time="0.346" /><testcase classname="backend.tests.test_voter_crm.TestAuth" name="test_login_worker_success" time="0.346" /><testcase classname="backend.tests.test_voter_crm.TestAuth" name="test_login_invalid_creds" time="0.350" /><testcase classname="backend.tests.test_voter_crm.TestAuth" name="test_me_with_token" time="0.109" /><testcase classname="backend.tests.test_voter_crm.TestAuth" name="test_me_without_token" time="0.111" /><testcase classname="backend.tests.test_voter_crm.TestUsers" name="test_admin_list_users" time="0.112" /><testcase classname="backend.tests.test_voter_crm.TestUsers" name="test_supervisor_list_users" time="0.484" /><testcase classname="backend.tests.test_voter_crm.TestUsers" name="test_worker_cannot_list_users" time="0.112" /><testcase classname="backend.tests.test_voter_crm.TestUsers" name="test_supervisor_cannot_create_user" time="0.134" /><testcase classname="backend.tests.test_voter_crm.TestUsers" name="test_admin_create_update_delete_user" time="0.505" /><testcase classname="backend.tests.test_voter_crm.TestBooths" name="test_list_booths_admin" time="0.120" /><testcase classname="backend.tests.test_voter_crm.TestBooths" name="test_worker_sees_only_assigned" time="0.269" /><testcase classname="backend.tests.test_voter_crm.TestBooths" name="test_get_booth_with_workers" time="0.186" /><testcase classname="backend.tests.test_voter_crm.TestBooths" name="test_create_update_delete_booth" time="0.223" /><testcase classname="backend.tests.test_voter_crm.TestBooths" name="test_worker_cannot_create_booth" time="0.122" /><testcase classname="backend.tests.test_voter_crm.TestVoters" name="test_list_voters" time="0.138" /><testcase classname="backend.tests.test_voter_crm.TestVoters" name="test_filter_voters" time="0.138" /><testcase classname="backend.tests.test_voter_crm.TestVoters" name="test_search_voter" time="0.387" /><testcase classname="backend.tests.test_voter_crm.TestVoters" name="test_worker_voters_scoped" time="0.253" /><testcase classname="backend.tests.test_voter_crm.TestVoters" name="test_create_update_delete_voter" time="0.393" /><testcase classname="backend.tests.test_voter_crm.TestVoters" name="test_worker_cannot_delete_voter" time="0.467" /><testcase classname="backend.tests.test_voter_crm.TestVisits" name="test_list_visits_admin" time="0.116" /><testcase classname="backend.tests.test_voter_crm.TestVisits" name="test_worker_visits_scoped" time="0.172" /><testcase classname="backend.tests.test_voter_crm.TestVisits" name="test_create_visit_admin" time="0.372" /><testcase classname="backend.tests.test_voter_crm.TestVisits" name="test_worker_cannot_create_visit" time="0.135" /><testcase classname="backend.tests.test_voter_crm.TestAnalytics" name="test_overview" time="0.130" /><testcase classname="backend.tests.test_voter_crm.TestAnalytics" name="test_demographics" time="0.122" /><testcase classname="backend.tests.test_voter_crm.TestAnalytics" name="test_issues" time="0.116" /><testcase classname="backend.tests.test_voter_crm.TestAnalytics" name="test_booth_stats" time="0.122" /><testcase classname="backend.tests.test_voter_crm.TestAnalytics" name="test_engagement_trends" time="0.108" /></testsuite></testsuites>